[2025-12-24 08:38:19.806] [info] SDL3 initialized successfully
[2025-12-24 08:38:19.806] [info] SDL3_ttf initialized successfully
[2025-12-24 08:38:19.833] [info] Window created: Runa2 - Tilemap Demo (1280x720)
[2025-12-24 08:38:20.229] [info] Renderer initialized with SDL3 GPU backend
[2025-12-24 08:38:20.229] [info] GPU Driver: vulkan
[2025-12-24 08:38:20.230] [info] === Runa2 Tilemap Demo ===
[2025-12-24 08:38:20.230] [info] Loading resources...
[2025-12-24 08:38:20.230] [info] ResourceManager initialized
[2025-12-24 08:38:20.230] [info] Loading spritesheet manifest: Resources/manifests/tilesets.yaml
[2025-12-24 08:38:20.231] [debug] Loading YAML from: D:\Workspace\C++\Runa2\Resources/manifests/tilesets.yaml
[2025-12-24 08:38:20.234] [info] Loaded texture: D:\Workspace\C++\Runa2\Resources/manifests\../mystic_woods_2.2/sprites/tilesets/plains.png (96x192)
[2025-12-24 08:38:20.234] [info] SpriteSheet created from: D:\Workspace\C++\Runa2\Resources/manifests\../mystic_woods_2.2/sprites/tilesets/plains.png
[2025-12-24 08:38:20.235] [debug] Creating grid: 6x12 tiles of size 16x16
[2025-12-24 08:38:20.235] [debug] Added sprite 'plains_tile_0' at (0,0) size 16x16
[2025-12-24 08:38:20.235] [debug] Added sprite 'plains_tile_1' at (16,0) size 16x16
[2025-12-24 08:38:20.235] [debug] Added sprite 'plains_tile_2' at (32,0) size 16x16
[2025-12-24 08:38:20.235] [debug] Added sprite 'plains_tile_3' at (48,0) size 16x16
[2025-12-24 08:38:20.235] [debug] Added sprite 'plains_tile_4' at (64,0) size 16x16
[2025-12-24 08:38:20.235] [debug] Added sprite 'plains_tile_5' at (80,0) size 16x16
[2025-12-24 08:38:20.236] [debug] Added sprite 'plains_tile_6' at (0,16) size 16x16
[2025-12-24 08:38:20.236] [debug] Added sprite 'plains_tile_7' at (16,16) size 16x16
[2025-12-24 08:38:20.236] [debug] Added sprite 'plains_tile_8' at (32,16) size 16x16
[2025-12-24 08:38:20.236] [debug] Added sprite 'plains_tile_9' at (48,16) size 16x16
[2025-12-24 08:38:20.236] [debug] Added sprite 'plains_tile_10' at (64,16) size 16x16
[2025-12-24 08:38:20.237] [debug] Added sprite 'plains_tile_11' at (80,16) size 16x16
[2025-12-24 08:38:20.237] [debug] Added sprite 'plains_tile_12' at (0,32) size 16x16
[2025-12-24 08:38:20.237] [debug] Added sprite 'plains_tile_13' at (16,32) size 16x16
[2025-12-24 08:38:20.237] [debug] Added sprite 'plains_tile_14' at (32,32) size 16x16
[2025-12-24 08:38:20.237] [debug] Added sprite 'plains_tile_15' at (48,32) size 16x16
[2025-12-24 08:38:20.237] [debug] Added sprite 'plains_tile_16' at (64,32) size 16x16
[2025-12-24 08:38:20.238] [debug] Added sprite 'plains_tile_17' at (80,32) size 16x16
[2025-12-24 08:38:20.238] [debug] Added sprite 'plains_tile_18' at (0,48) size 16x16
[2025-12-24 08:38:20.238] [debug] Added sprite 'plains_tile_19' at (16,48) size 16x16
[2025-12-24 08:38:20.238] [debug] Added sprite 'plains_tile_20' at (32,48) size 16x16
[2025-12-24 08:38:20.238] [debug] Added sprite 'plains_tile_21' at (48,48) size 16x16
[2025-12-24 08:38:20.238] [debug] Added sprite 'plains_tile_22' at (64,48) size 16x16
[2025-12-24 08:38:20.239] [debug] Added sprite 'plains_tile_23' at (80,48) size 16x16
[2025-12-24 08:38:20.239] [debug] Added sprite 'plains_tile_24' at (0,64) size 16x16
[2025-12-24 08:38:20.239] [debug] Added sprite 'plains_tile_25' at (16,64) size 16x16
[2025-12-24 08:38:20.239] [debug] Added sprite 'plains_tile_26' at (32,64) size 16x16
[2025-12-24 08:38:20.239] [debug] Added sprite 'plains_tile_27' at (48,64) size 16x16
[2025-12-24 08:38:20.239] [debug] Added sprite 'plains_tile_28' at (64,64) size 16x16
[2025-12-24 08:38:20.240] [debug] Added sprite 'plains_tile_29' at (80,64) size 16x16
[2025-12-24 08:38:20.240] [debug] Added sprite 'plains_tile_30' at (0,80) size 16x16
[2025-12-24 08:38:20.240] [debug] Added sprite 'plains_tile_31' at (16,80) size 16x16
[2025-12-24 08:38:20.240] [debug] Added sprite 'plains_tile_32' at (32,80) size 16x16
[2025-12-24 08:38:20.240] [debug] Added sprite 'plains_tile_33' at (48,80) size 16x16
[2025-12-24 08:38:20.240] [debug] Added sprite 'plains_tile_34' at (64,80) size 16x16
[2025-12-24 08:38:20.241] [debug] Added sprite 'plains_tile_35' at (80,80) size 16x16
[2025-12-24 08:38:20.241] [debug] Added sprite 'plains_tile_36' at (0,96) size 16x16
[2025-12-24 08:38:20.241] [debug] Added sprite 'plains_tile_37' at (16,96) size 16x16
[2025-12-24 08:38:20.241] [debug] Added sprite 'plains_tile_38' at (32,96) size 16x16
[2025-12-24 08:38:20.241] [debug] Added sprite 'plains_tile_39' at (48,96) size 16x16
[2025-12-24 08:38:20.241] [debug] Added sprite 'plains_tile_40' at (64,96) size 16x16
[2025-12-24 08:38:20.242] [debug] Added sprite 'plains_tile_41' at (80,96) size 16x16
[2025-12-24 08:38:20.242] [debug] Added sprite 'plains_tile_42' at (0,112) size 16x16
[2025-12-24 08:38:20.242] [debug] Added sprite 'plains_tile_43' at (16,112) size 16x16
[2025-12-24 08:38:20.242] [debug] Added sprite 'plains_tile_44' at (32,112) size 16x16
[2025-12-24 08:38:20.242] [debug] Added sprite 'plains_tile_45' at (48,112) size 16x16
[2025-12-24 08:38:20.243] [debug] Added sprite 'plains_tile_46' at (64,112) size 16x16
[2025-12-24 08:38:20.243] [debug] Added sprite 'plains_tile_47' at (80,112) size 16x16
[2025-12-24 08:38:20.243] [debug] Added sprite 'plains_tile_48' at (0,128) size 16x16
[2025-12-24 08:38:20.243] [debug] Added sprite 'plains_tile_49' at (16,128) size 16x16
[2025-12-24 08:38:20.243] [debug] Added sprite 'plains_tile_50' at (32,128) size 16x16
[2025-12-24 08:38:20.243] [debug] Added sprite 'plains_tile_51' at (48,128) size 16x16
[2025-12-24 08:38:20.244] [debug] Added sprite 'plains_tile_52' at (64,128) size 16x16
[2025-12-24 08:38:20.244] [debug] Added sprite 'plains_tile_53' at (80,128) size 16x16
[2025-12-24 08:38:20.244] [debug] Added sprite 'plains_tile_54' at (0,144) size 16x16
[2025-12-24 08:38:20.244] [debug] Added sprite 'plains_tile_55' at (16,144) size 16x16
[2025-12-24 08:38:20.244] [debug] Added sprite 'plains_tile_56' at (32,144) size 16x16
[2025-12-24 08:38:20.244] [debug] Added sprite 'plains_tile_57' at (48,144) size 16x16
[2025-12-24 08:38:20.245] [debug] Added sprite 'plains_tile_58' at (64,144) size 16x16
[2025-12-24 08:38:20.245] [debug] Added sprite 'plains_tile_59' at (80,144) size 16x16
[2025-12-24 08:38:20.245] [debug] Added sprite 'plains_tile_60' at (0,160) size 16x16
[2025-12-24 08:38:20.245] [debug] Added sprite 'plains_tile_61' at (16,160) size 16x16
[2025-12-24 08:38:20.245] [debug] Added sprite 'plains_tile_62' at (32,160) size 16x16
[2025-12-24 08:38:20.246] [debug] Added sprite 'plains_tile_63' at (48,160) size 16x16
[2025-12-24 08:38:20.246] [debug] Added sprite 'plains_tile_64' at (64,160) size 16x16
[2025-12-24 08:38:20.246] [debug] Added sprite 'plains_tile_65' at (80,160) size 16x16
[2025-12-24 08:38:20.246] [debug] Added sprite 'plains_tile_66' at (0,176) size 16x16
[2025-12-24 08:38:20.246] [debug] Added sprite 'plains_tile_67' at (16,176) size 16x16
[2025-12-24 08:38:20.246] [debug] Added sprite 'plains_tile_68' at (32,176) size 16x16
[2025-12-24 08:38:20.247] [debug] Added sprite 'plains_tile_69' at (48,176) size 16x16
[2025-12-24 08:38:20.247] [debug] Added sprite 'plains_tile_70' at (64,176) size 16x16
[2025-12-24 08:38:20.247] [debug] Added sprite 'plains_tile_71' at (80,176) size 16x16
[2025-12-24 08:38:20.247] [debug] Created 72 tiles from grid
[2025-12-24 08:38:20.247] [info] Loaded spritesheet 'plains_tileset' with 72 sprites/animations
[2025-12-24 08:38:20.248] [info] Tileset loaded successfully!
[2025-12-24 08:38:20.248] [debug] TileMap created: 40x30 tiles (16px each)
[2025-12-24 08:38:20.248] [debug] TileMap loaded from string (30 rows parsed)
[2025-12-24 08:38:20.248] [info] Scene loaded successfully!
[2025-12-24 08:38:20.249] [debug] Scene loading completed, creating sprite batch...
[2025-12-24 08:38:20.249] [debug] Creating SpriteBatch...
[2025-12-24 08:38:20.249] [debug] Read shader file: Resources/shaders/compiled/sprite.vert.spv (1676 bytes)
[2025-12-24 08:38:20.249] [debug] Read shader file: Resources/shaders/compiled/sprite.frag.spv (828 bytes)
[2025-12-24 08:38:20.250] [info] Shaders created successfully from Resources/shaders/compiled/sprite.vert.spv and Resources/shaders/compiled/sprite.frag.spv
[2025-12-24 08:38:20.250] [debug] SpriteBatch created successfully
[2025-12-24 08:38:20.250] [debug] Creating PostProcess...
[2025-12-24 08:38:20.250] [debug] Read shader file: Resources/shaders/compiled/psychedelic.vert.spv (1568 bytes)
[2025-12-24 08:38:20.251] [debug] Read shader file: Resources/shaders/compiled/psychedelic.frag.spv (6624 bytes)
[2025-12-24 08:38:20.251] [info] Shaders created successfully from Resources/shaders/compiled/psychedelic.vert.spv and Resources/shaders/compiled/psychedelic.frag.spv
[2025-12-24 08:38:20.251] [info] Psychedelic shader loaded successfully
[2025-12-24 08:38:20.251] [debug] PostProcess created successfully
[2025-12-24 08:38:20.252] [info] Font loaded: Resources/Fonts/Renogare.otf (size: 24)
[2025-12-24 08:38:20.252] [info] Font loaded: Resources/Fonts/Renogare.otf (size: 24)
[2025-12-24 08:38:20.252] [info] Font loaded successfully
[2025-12-24 08:38:20.253] [info] === Ready ===
[2025-12-24 08:38:20.253] [info] Displaying 40x30 tilemap from plains.png
[2025-12-24 08:38:20.253] [info] Map size: 640x480 pixels (16px tiles)
[2025-12-24 08:38:20.253] [info] Press ESC or close window to exit.
[2025-12-24 08:38:20.253] [info] onInit() completed successfully
[2025-12-24 08:38:20.253] [info] Starting main loop...
[2025-12-24 08:38:20.271] [trace] SpriteBatch: Rendered 960 sprites
[2025-12-24 08:38:20.286] [trace] SpriteBatch: Rendered 960 sprites
[2025-12-24 08:38:20.300] [trace] SpriteBatch: Rendered 960 sprites
[2025-12-24 08:38:20.323] [trace] SpriteBatch: Rendered 960 sprites
[2025-12-24 08:38:20.348] [trace] SpriteBatch: Rendered 960 sprites
[2025-12-24 08:38:20.364] [trace] SpriteBatch: Rendered 960 sprites
[2025-12-24 08:38:20.379] [trace] SpriteBatch: Rendered 960 sprites
[2025-12-24 08:38:20.397] [trace] SpriteBatch: Rendered 960 sprites
[2025-12-24 08:38:20.411] [trace] SpriteBatch: Rendered 960 sprites
[2025-12-24 08:38:20.427] [trace] SpriteBatch: Rendered 960 sprites
[2025-12-24 08:38:20.442] [trace] SpriteBatch: Rendered 960 sprites
[2025-12-24 08:38:20.460] [trace] SpriteBatch: Rendered 960 sprites
[2025-12-24 08:38:20.477] [trace] SpriteBatch: Rendered 960 sprites
[2025-12-24 08:38:20.508] [trace] SpriteBatch: Rendered 960 sprites
[2025-12-24 08:38:20.525] [trace] SpriteBatch: Rendered 960 sprites
[2025-12-24 08:38:20.554] [trace] SpriteBatch: Rendered 960 sprites
[2025-12-24 08:38:20.568] [trace] SpriteBatch: Rendered 960 sprites
[2025-12-24 08:38:20.585] [trace] SpriteBatch: Rendered 960 sprites
[2025-12-24 08:38:20.600] [trace] SpriteBatch: Rendered 960 sprites
[2025-12-24 08:38:20.616] [trace] SpriteBatch: Rendered 960 sprites
[2025-12-24 08:38:20.631] [trace] SpriteBatch: Rendered 960 sprites
[2025-12-24 08:38:20.648] [trace] SpriteBatch: Rendered 960 sprites
[2025-12-24 08:38:20.679] [trace] SpriteBatch: Rendered 960 sprites
[2025-12-24 08:38:20.694] [trace] SpriteBatch: Rendered 960 sprites
[2025-12-24 08:38:20.709] [trace] SpriteBatch: Rendered 960 sprites
[2025-12-24 08:38:20.726] [trace] SpriteBatch: Rendered 960 sprites
[2025-12-24 08:38:20.755] [trace] SpriteBatch: Rendered 960 sprites
[2025-12-24 08:38:20.770] [trace] SpriteBatch: Rendered 960 sprites
[2025-12-24 08:38:20.785] [trace] SpriteBatch: Rendered 960 sprites
[2025-12-24 08:38:20.804] [trace] SpriteBatch: Rendered 960 sprites
[2025-12-24 08:38:20.821] [trace] SpriteBatch: Rendered 960 sprites
[2025-12-24 08:38:20.849] [trace] SpriteBatch: Rendered 960 sprites
[2025-12-24 08:38:20.867] [trace] SpriteBatch: Rendered 960 sprites
[2025-12-24 08:38:20.882] [trace] SpriteBatch: Rendered 960 sprites
[2025-12-24 08:38:20.898] [trace] SpriteBatch: Rendered 960 sprites
[2025-12-24 08:38:20.927] [trace] SpriteBatch: Rendered 960 sprites
[2025-12-24 08:38:20.942] [trace] SpriteBatch: Rendered 960 sprites
[2025-12-24 08:38:20.958] [trace] SpriteBatch: Rendered 960 sprites
[2025-12-24 08:38:20.974] [trace] SpriteBatch: Rendered 960 sprites
[2025-12-24 08:38:20.990] [trace] SpriteBatch: Rendered 960 sprites
[2025-12-24 08:38:21.004] [trace] SpriteBatch: Rendered 960 sprites
[2025-12-24 08:38:21.020] [trace] SpriteBatch: Rendered 960 sprites
[2025-12-24 08:38:21.036] [trace] SpriteBatch: Rendered 960 sprites
[2025-12-24 08:38:21.051] [trace] SpriteBatch: Rendered 960 sprites
[2025-12-24 08:38:21.068] [trace] SpriteBatch: Rendered 960 sprites
[2025-12-24 08:38:21.082] [trace] SpriteBatch: Rendered 960 sprites
[2025-12-24 08:38:21.098] [trace] SpriteBatch: Rendered 960 sprites
[2025-12-24 08:38:21.114] [trace] SpriteBatch: Rendered 960 sprites
[2025-12-24 08:38:21.129] [trace] SpriteBatch: Rendered 960 sprites
[2025-12-24 08:38:21.144] [trace] SpriteBatch: Rendered 960 sprites
[2025-12-24 08:38:21.160] [trace] SpriteBatch: Rendered 960 sprites
[2025-12-24 08:38:21.176] [trace] SpriteBatch: Rendered 960 sprites
[2025-12-24 08:38:21.191] [trace] SpriteBatch: Rendered 960 sprites
[2025-12-24 08:38:21.207] [trace] SpriteBatch: Rendered 960 sprites
[2025-12-24 08:38:21.223] [trace] SpriteBatch: Rendered 960 sprites
[2025-12-24 08:38:21.239] [trace] SpriteBatch: Rendered 960 sprites
[2025-12-24 08:38:21.256] [trace] SpriteBatch: Rendered 960 sprites
[2025-12-24 08:38:21.259] [debug] FPS: 58
[2025-12-24 08:38:21.272] [trace] SpriteBatch: Rendered 960 sprites
[2025-12-24 08:38:21.274] [info] Created texture from pixels (91x29)
[2025-12-24 08:38:21.274] [trace] SpriteBatch: Rendered 1 sprites
[2025-12-24 08:38:21.302] [trace] SpriteBatch: Rendered 960 sprites
[2025-12-24 08:38:21.303] [info] Created texture from pixels (91x29)
[2025-12-24 08:38:21.303] [trace] SpriteBatch: Rendered 1 sprites
[2025-12-24 08:38:21.319] [trace] SpriteBatch: Rendered 960 sprites
[2025-12-24 08:38:21.320] [info] Created texture from pixels (91x29)
[2025-12-24 08:38:21.320] [trace] SpriteBatch: Rendered 1 sprites
[2025-12-24 08:38:21.334] [trace] SpriteBatch: Rendered 960 sprites
[2025-12-24 08:38:21.335] [info] Created texture from pixels (91x29)
[2025-12-24 08:38:21.335] [trace] SpriteBatch: Rendered 1 sprites
[2025-12-24 08:38:21.350] [trace] SpriteBatch: Rendered 960 sprites
[2025-12-24 08:38:21.351] [info] Created texture from pixels (91x29)
[2025-12-24 08:38:21.352] [trace] SpriteBatch: Rendered 1 sprites
[2025-12-24 08:38:21.381] [trace] SpriteBatch: Rendered 960 sprites
[2025-12-24 08:38:21.382] [info] Created texture from pixels (91x29)
[2025-12-24 08:38:21.382] [trace] SpriteBatch: Rendered 1 sprites
[2025-12-24 08:38:21.397] [trace] SpriteBatch: Rendered 960 sprites
[2025-12-24 08:38:21.398] [info] Created texture from pixels (91x29)
[2025-12-24 08:38:21.399] [trace] SpriteBatch: Rendered 1 sprites
[2025-12-24 08:38:21.427] [trace] SpriteBatch: Rendered 960 sprites
[2025-12-24 08:38:21.428] [info] Created texture from pixels (91x29)
[2025-12-24 08:38:21.428] [trace] SpriteBatch: Rendered 1 sprites
[2025-12-24 08:38:21.441] [trace] SpriteBatch: Rendered 960 sprites
[2025-12-24 08:38:21.441] [info] Created texture from pixels (91x29)
[2025-12-24 08:38:21.442] [trace] SpriteBatch: Rendered 1 sprites
[2025-12-24 08:38:21.458] [trace] SpriteBatch: Rendered 960 sprites
[2025-12-24 08:38:21.458] [info] Created texture from pixels (91x29)
[2025-12-24 08:38:21.459] [trace] SpriteBatch: Rendered 1 sprites
[2025-12-24 08:38:21.475] [trace] SpriteBatch: Rendered 960 sprites
[2025-12-24 08:38:21.476] [info] Created texture from pixels (91x29)
[2025-12-24 08:38:21.476] [trace] SpriteBatch: Rendered 1 sprites
[2025-12-24 08:38:21.504] [trace] SpriteBatch: Rendered 960 sprites
[2025-12-24 08:38:21.505] [info] Created texture from pixels (91x29)
[2025-12-24 08:38:21.505] [trace] SpriteBatch: Rendered 1 sprites
[2025-12-24 08:38:21.520] [trace] SpriteBatch: Rendered 960 sprites
[2025-12-24 08:38:21.521] [info] Created texture from pixels (91x29)
[2025-12-24 08:38:21.521] [trace] SpriteBatch: Rendered 1 sprites
[2025-12-24 08:38:21.537] [trace] SpriteBatch: Rendered 960 sprites
[2025-12-24 08:38:21.537] [info] Created texture from pixels (91x29)
[2025-12-24 08:38:21.538] [trace] SpriteBatch: Rendered 1 sprites
[2025-12-24 08:38:21.553] [trace] SpriteBatch: Rendered 960 sprites
[2025-12-24 08:38:21.554] [info] Created texture from pixels (91x29)
[2025-12-24 08:38:21.554] [trace] SpriteBatch: Rendered 1 sprites
[2025-12-24 08:38:21.569] [trace] SpriteBatch: Rendered 960 sprites
[2025-12-24 08:38:21.569] [info] Created texture from pixels (91x29)
[2025-12-24 08:38:21.570] [trace] SpriteBatch: Rendered 1 sprites
[2025-12-24 08:38:21.585] [trace] SpriteBatch: Rendered 960 sprites
[2025-12-24 08:38:21.586] [info] Created texture from pixels (91x29)
[2025-12-24 08:38:21.586] [trace] SpriteBatch: Rendered 1 sprites
[2025-12-24 08:38:21.617] [trace] SpriteBatch: Rendered 960 sprites
[2025-12-24 08:38:21.617] [info] Created texture from pixels (91x29)
[2025-12-24 08:38:21.618] [trace] SpriteBatch: Rendered 1 sprites
[2025-12-24 08:38:21.647] [trace] SpriteBatch: Rendered 960 sprites
[2025-12-24 08:38:21.648] [info] Created texture from pixels (91x29)
[2025-12-24 08:38:21.648] [trace] SpriteBatch: Rendered 1 sprites
[2025-12-24 08:38:21.679] [trace] SpriteBatch: Rendered 960 sprites
[2025-12-24 08:38:21.679] [info] Created texture from pixels (91x29)
[2025-12-24 08:38:21.680] [trace] SpriteBatch: Rendered 1 sprites
[2025-12-24 08:38:21.709] [trace] SpriteBatch: Rendered 960 sprites
[2025-12-24 08:38:21.710] [info] Created texture from pixels (91x29)
[2025-12-24 08:38:21.710] [trace] SpriteBatch: Rendered 1 sprites
[2025-12-24 08:38:21.725] [trace] SpriteBatch: Rendered 960 sprites
[2025-12-24 08:38:21.726] [info] Created texture from pixels (91x29)
[2025-12-24 08:38:21.726] [trace] SpriteBatch: Rendered 1 sprites
[2025-12-24 08:38:21.742] [trace] SpriteBatch: Rendered 960 sprites
[2025-12-24 08:38:21.743] [info] Created texture from pixels (91x29)
[2025-12-24 08:38:21.743] [trace] SpriteBatch: Rendered 1 sprites
[2025-12-24 08:38:21.770] [trace] SpriteBatch: Rendered 960 sprites
[2025-12-24 08:38:21.771] [info] Created texture from pixels (91x29)
[2025-12-24 08:38:21.772] [trace] SpriteBatch: Rendered 1 sprites
[2025-12-24 08:38:21.787] [trace] SpriteBatch: Rendered 960 sprites
[2025-12-24 08:38:21.788] [info] Created texture from pixels (91x29)
[2025-12-24 08:38:21.788] [trace] SpriteBatch: Rendered 1 sprites
[2025-12-24 08:38:21.803] [trace] SpriteBatch: Rendered 960 sprites
[2025-12-24 08:38:21.804] [info] Created texture from pixels (91x29)
[2025-12-24 08:38:21.804] [trace] SpriteBatch: Rendered 1 sprites
[2025-12-24 08:38:21.819] [trace] SpriteBatch: Rendered 960 sprites
[2025-12-24 08:38:21.819] [info] Created texture from pixels (91x29)
[2025-12-24 08:38:21.820] [trace] SpriteBatch: Rendered 1 sprites
[2025-12-24 08:38:21.836] [trace] SpriteBatch: Rendered 960 sprites
[2025-12-24 08:38:21.837] [info] Created texture from pixels (91x29)
[2025-12-24 08:38:21.837] [trace] SpriteBatch: Rendered 1 sprites
[2025-12-24 08:38:21.864] [trace] SpriteBatch: Rendered 960 sprites
[2025-12-24 08:38:21.864] [info] Created texture from pixels (91x29)
[2025-12-24 08:38:21.865] [trace] SpriteBatch: Rendered 1 sprites
[2025-12-24 08:38:21.881] [trace] SpriteBatch: Rendered 960 sprites
[2025-12-24 08:38:21.883] [info] Created texture from pixels (91x29)
[2025-12-24 08:38:21.884] [trace] SpriteBatch: Rendered 1 sprites
[2025-12-24 08:38:21.911] [trace] SpriteBatch: Rendered 960 sprites
[2025-12-24 08:38:21.911] [info] Created texture from pixels (91x29)
[2025-12-24 08:38:21.912] [trace] SpriteBatch: Rendered 1 sprites
[2025-12-24 08:38:21.926] [trace] SpriteBatch: Rendered 960 sprites
[2025-12-24 08:38:21.926] [info] Created texture from pixels (91x29)
[2025-12-24 08:38:21.927] [trace] SpriteBatch: Rendered 1 sprites
[2025-12-24 08:38:21.942] [trace] SpriteBatch: Rendered 960 sprites
[2025-12-24 08:38:21.942] [info] Created texture from pixels (91x29)
[2025-12-24 08:38:21.943] [trace] SpriteBatch: Rendered 1 sprites
[2025-12-24 08:38:21.958] [trace] SpriteBatch: Rendered 960 sprites
[2025-12-24 08:38:21.959] [info] Created texture from pixels (91x29)
[2025-12-24 08:38:21.959] [trace] SpriteBatch: Rendered 1 sprites
[2025-12-24 08:38:21.975] [trace] SpriteBatch: Rendered 960 sprites
[2025-12-24 08:38:21.976] [info] Created texture from pixels (91x29)
[2025-12-24 08:38:21.976] [trace] SpriteBatch: Rendered 1 sprites
[2025-12-24 08:38:21.990] [trace] SpriteBatch: Rendered 960 sprites
[2025-12-24 08:38:21.990] [info] Created texture from pixels (91x29)
[2025-12-24 08:38:21.991] [trace] SpriteBatch: Rendered 1 sprites
[2025-12-24 08:38:22.007] [trace] SpriteBatch: Rendered 960 sprites
[2025-12-24 08:38:22.007] [info] Created texture from pixels (91x29)
[2025-12-24 08:38:22.008] [trace] SpriteBatch: Rendered 1 sprites
[2025-12-24 08:38:22.023] [trace] SpriteBatch: Rendered 960 sprites
[2025-12-24 08:38:22.023] [info] Created texture from pixels (91x29)
[2025-12-24 08:38:22.024] [trace] SpriteBatch: Rendered 1 sprites
[2025-12-24 08:38:22.052] [trace] SpriteBatch: Rendered 960 sprites
[2025-12-24 08:38:22.053] [info] Created texture from pixels (91x29)
[2025-12-24 08:38:22.053] [trace] SpriteBatch: Rendered 1 sprites
[2025-12-24 08:38:22.067] [trace] SpriteBatch: Rendered 960 sprites
[2025-12-24 08:38:22.068] [info] Created texture from pixels (91x29)
[2025-12-24 08:38:22.069] [trace] SpriteBatch: Rendered 1 sprites
[2025-12-24 08:38:22.083] [trace] SpriteBatch: Rendered 960 sprites
[2025-12-24 08:38:22.084] [info] Created texture from pixels (91x29)
[2025-12-24 08:38:22.084] [trace] SpriteBatch: Rendered 1 sprites
[2025-12-24 08:38:22.100] [trace] SpriteBatch: Rendered 960 sprites
[2025-12-24 08:38:22.101] [info] Created texture from pixels (91x29)
[2025-12-24 08:38:22.101] [trace] SpriteBatch: Rendered 1 sprites
[2025-12-24 08:38:22.116] [trace] SpriteBatch: Rendered 960 sprites
[2025-12-24 08:38:22.117] [info] Created texture from pixels (91x29)
[2025-12-24 08:38:22.118] [trace] SpriteBatch: Rendered 1 sprites
[2025-12-24 08:38:22.148] [trace] SpriteBatch: Rendered 960 sprites
[2025-12-24 08:38:22.148] [info] Created texture from pixels (91x29)
[2025-12-24 08:38:22.149] [trace] SpriteBatch: Rendered 1 sprites
[2025-12-24 08:38:22.179] [trace] SpriteBatch: Rendered 960 sprites
[2025-12-24 08:38:22.179] [info] Created texture from pixels (91x29)
[2025-12-24 08:38:22.180] [trace] SpriteBatch: Rendered 1 sprites
[2025-12-24 08:38:22.207] [trace] SpriteBatch: Rendered 960 sprites
[2025-12-24 08:38:22.209] [info] Created texture from pixels (91x29)
[2025-12-24 08:38:22.209] [trace] SpriteBatch: Rendered 1 sprites
[2025-12-24 08:38:22.224] [trace] SpriteBatch: Rendered 960 sprites
[2025-12-24 08:38:22.224] [info] Created texture from pixels (91x29)
[2025-12-24 08:38:22.225] [trace] SpriteBatch: Rendered 1 sprites
[2025-12-24 08:38:22.241] [trace] SpriteBatch: Rendered 960 sprites
[2025-12-24 08:38:22.242] [info] Created texture from pixels (91x29)
[2025-12-24 08:38:22.242] [trace] SpriteBatch: Rendered 1 sprites
[2025-12-24 08:38:22.260] [debug] FPS: 48
[2025-12-24 08:38:22.272] [trace] SpriteBatch: Rendered 960 sprites
[2025-12-24 08:38:22.273] [info] Created texture from pixels (93x29)
[2025-12-24 08:38:22.273] [trace] SpriteBatch: Rendered 1 sprites
[2025-12-24 08:38:22.287] [trace] SpriteBatch: Rendered 960 sprites
[2025-12-24 08:38:22.287] [info] Created texture from pixels (93x29)
[2025-12-24 08:38:22.288] [trace] SpriteBatch: Rendered 1 sprites
[2025-12-24 08:38:22.302] [trace] SpriteBatch: Rendered 960 sprites
[2025-12-24 08:38:22.303] [info] Created texture from pixels (93x29)
[2025-12-24 08:38:22.303] [trace] SpriteBatch: Rendered 1 sprites
[2025-12-24 08:38:22.321] [trace] SpriteBatch: Rendered 960 sprites
[2025-12-24 08:38:22.322] [info] Created texture from pixels (93x29)
[2025-12-24 08:38:22.322] [trace] SpriteBatch: Rendered 1 sprites
[2025-12-24 08:38:22.349] [trace] SpriteBatch: Rendered 960 sprites
[2025-12-24 08:38:22.349] [info] Created texture from pixels (93x29)
[2025-12-24 08:38:22.350] [trace] SpriteBatch: Rendered 1 sprites
[2025-12-24 08:38:22.366] 